#
# A fatal error has been detected by the Java Runtime Environment:
#
#  Internal Error (javaClasses.cpp:126), pid=6108, tid=120
#  fatal error: Invalid layout of preloaded class
#
# JRE version:  (8.0_25-b18) (build )
# Java VM: Java HotSpot(TM) 64-Bit Server VM (25.25-b02 mixed mode windows-amd64 compressed oops)
# Failed to write core dump. Minidumps are not enabled by default on client versions of Windows
#
# If you would like to submit a bug report, please visit:
#   http://bugreport.sun.com/bugreport/crash.jsp
#

---------------  T H R E A D  ---------------

Current thread (0x0000000002280800):  JavaThread "Unknown thread" [_thread_in_vm, id=120, stack(0x0000000002140000,0x0000000002240000)]

Stack: [0x0000000002140000,0x0000000002240000]
Native frames: (J=compiled Java code, j=interpreted, Vv=VM code, C=native code)
V  [jvm.dll+0x31667a]
V  [jvm.dll+0x267073]
V  [jvm.dll+0x267cb3]
V  [jvm.dll+0x25f536]
V  [jvm.dll+0x5e773]
V  [jvm.dll+0x5e863]
V  [jvm.dll+0x731ca]
V  [jvm.dll+0x73528]
V  [jvm.dll+0xe48b7]
V  [jvm.dll+0xe4c46]
V  [jvm.dll+0x1f9ae7]
V  [jvm.dll+0x22b2e4]
V  [jvm.dll+0x14d571]
C  [javaw.exe+0x20c6]
C  [javaw.exe+0xc9eb]
C  [javaw.exe+0xca7f]
C  [KERNEL32.DLL+0x168d]
C  [ntdll.dll+0x74629]


---------------  P R O C E S S  ---------------

Java Threads: ( => current thread )

Other Threads:

=>0x0000000002280800 (exited) JavaThread "Unknown thread" [_thread_in_vm, id=120, stack(0x0000000002140000,0x0000000002240000)]

VM state:not at safepoint (not fully initialized)

VM Mutex/Monitor currently owned by a thread: None

GC Heap History (0 events):
No events

Deoptimization events (0 events):
No events

Internal exceptions (0 events):
No events

Events (10 events):
Event: 0.008 loading class java/lang/CharSequence done
Event: 0.008 loading class java/lang/String done
Event: 0.008 loading class java/lang/Class
Event: 0.008 loading class java/lang/reflect/AnnotatedElement
Event: 0.008 loading class java/lang/reflect/AnnotatedElement done
Event: 0.008 loading class java/lang/reflect/GenericDeclaration
Event: 0.008 loading class java/lang/reflect/GenericDeclaration done
Event: 0.008 loading class java/lang/reflect/Type
Event: 0.008 loading class java/lang/reflect/Type done
Event: 0.009 loading class java/lang/Class done


Dynamic libraries:
0x00007ff79ee60000 - 0x00007ff79ee94000 	C:\Program Files (x86)\Java\jre1.8.0_25\bin\javaw.exe
0x00007ffc5c530000 - 0x00007ffc5c6da000 	C:\Windows\SYSTEM32\ntdll.dll
0x00007ffc5a350000 - 0x00007ffc5a48a000 	C:\Windows\system32\KERNEL32.DLL
0x00007ffc59ca0000 - 0x00007ffc59db0000 	C:\Windows\system32\KERNELBASE.dll
0x00007ffc58430000 - 0x00007ffc584b8000 	C:\Windows\system32\apphelp.dll
0x00007ffc502f0000 - 0x00007ffc5033f000 	C:\Windows\AppPatch\AppPatch64\AcGenral.DLL
0x00007ffc5bd90000 - 0x00007ffc5be37000 	C:\Windows\system32\msvcrt.dll
0x00007ffc59630000 - 0x00007ffc5965b000 	C:\Windows\SYSTEM32\SspiCli.dll
0x00007ffc59f50000 - 0x00007ffc59fa1000 	C:\Windows\system32\SHLWAPI.dll
0x00007ffc5c250000 - 0x00007ffc5c3c1000 	C:\Windows\system32\USER32.dll
0x00007ffc5bb70000 - 0x00007ffc5bce8000 	C:\Windows\system32\ole32.dll
0x00007ffc5a730000 - 0x00007ffc5bb47000 	C:\Windows\system32\SHELL32.dll
0x00007ffc58e60000 - 0x00007ffc58e7f000 	C:\Windows\SYSTEM32\USERENV.dll
0x00007ffc5a4d0000 - 0x00007ffc5a575000 	C:\Windows\system32\ADVAPI32.dll
0x00007ffc4caf0000 - 0x00007ffc4cb0b000 	C:\Windows\SYSTEM32\MPR.dll
0x00007ffc59db0000 - 0x00007ffc59ee6000 	C:\Windows\system32\RPCRT4.dll
0x00007ffc59fb0000 - 0x00007ffc5a007000 	C:\Windows\SYSTEM32\sechost.dll
0x00007ffc5a010000 - 0x00007ffc5a1e6000 	C:\Windows\SYSTEM32\combase.dll
0x00007ffc5a1f0000 - 0x00007ffc5a335000 	C:\Windows\system32\GDI32.dll
0x00007ffc598a0000 - 0x00007ffc598b4000 	C:\Windows\SYSTEM32\profapi.dll
0x00007ffc58390000 - 0x00007ffc5842f000 	C:\Windows\SYSTEM32\SHCORE.dll
0x00007ffc5a490000 - 0x00007ffc5a4c4000 	C:\Windows\system32\IMM32.DLL
0x00007ffc5c3d0000 - 0x00007ffc5c509000 	C:\Windows\system32\MSCTF.dll
0x00007ffc59850000 - 0x00007ffc59882000 	C:\Windows\system32\nvinitx.dll
0x00007ffc59840000 - 0x00007ffc5984a000 	C:\Windows\SYSTEM32\VERSION.dll
0x000000000f000000 - 0x000000000f006000 	C:\Program Files\NVIDIA Corporation\CoProcManager\_etoured.dll
0x00007ffc579f0000 - 0x00007ffc57a22000 	C:\Program Files\NVIDIA Corporation\CoProcManager\nvd3d9wrapx.dll
0x00007ffc5be40000 - 0x00007ffc5c014000 	C:\Windows\system32\SETUPAPI.dll
0x00007ffc59a70000 - 0x00007ffc59aba000 	C:\Windows\system32\CFGMGR32.dll
0x00007ffc579c0000 - 0x00007ffc579e2000 	C:\Program Files\NVIDIA Corporation\CoProcManager\nvdxgiwrapx.dll
0x00007ffc57a30000 - 0x00007ffc57c8a000 	C:\Windows\WinSxS\amd64_microsoft.windows.common-controls_6595b64144ccf1df_6.0.9600.17031_none_6242a4b3ecbb55a1\COMCTL32.dll
0x000000006d1a0000 - 0x000000006d272000 	C:\Program Files (x86)\Java\jre1.8.0_25\bin\msvcr100.dll
0x000000006d430000 - 0x000000006dc8a000 	C:\Program Files (x86)\Java\jre1.8.0_25\bin\server\jvm.dll
0x00007ffc51400000 - 0x00007ffc51409000 	C:\Windows\SYSTEM32\WSOCK32.dll
0x00007ffc57310000 - 0x00007ffc5732f000 	C:\Windows\SYSTEM32\WINMM.dll
0x00007ffc5a720000 - 0x00007ffc5a727000 	C:\Windows\system32\PSAPI.DLL
0x00007ffc5c020000 - 0x00007ffc5c078000 	C:\Windows\system32\WS2_32.dll
0x00007ffc572d0000 - 0x00007ffc572fa000 	C:\Windows\SYSTEM32\WINMMBASE.dll
0x00007ffc5c520000 - 0x00007ffc5c529000 	C:\Windows\system32\NSI.dll
0x00007ffc586a0000 - 0x00007ffc586c6000 	C:\Windows\SYSTEM32\DEVOBJ.dll
0x000000006d340000 - 0x000000006d34f000 	C:\Program Files (x86)\Java\jre1.8.0_25\bin\verify.dll
0x000000006d310000 - 0x000000006d338000 	C:\Program Files (x86)\Java\jre1.8.0_25\bin\java.dll
0x000000006d2f0000 - 0x000000006d306000 	C:\Program Files (x86)\Java\jre1.8.0_25\bin\zip.dll
0x00007ffc4d670000 - 0x00007ffc4d7f8000 	C:\Windows\SYSTEM32\dbghelp.dll

VM Arguments:
jvm_args: -Dfile.encoding=Cp1252 -Xbootclasspath:C:\Program Files (x86)\Android\android-sdk\platforms\android-21\android.jar 
java_command: com.offloadingos.test.UnitTest
java_class_path (initial): C:\Users\Yuchuan\Workspace\Java\OffloadingSystem\bin\classes;C:\Users\Yuchuan\Workspace\Java\OffloadingSystem\libs\android-support-v4.jar
Launcher Type: SUN_STANDARD

Environment Variables:
PATH=C:/Program Files (x86)/Java/jre1.8.0_25/bin/server;C:/Program Files (x86)/Java/jre1.8.0_25/bin;C:/Program Files (x86)/Java/jre1.8.0_25/lib/amd64;C:\Program Files (x86)\Intel\iCLS Client\;C:\Program Files\Intel\iCLS Client\;C:\Program Files (x86)\NVIDIA Corporation\PhysX\Common;C:\ProgramData\Oracle\Java\javapath;C:\Windows\system32;C:\Windows;C:\Windows\System32\Wbem;C:\Windows\System32\WindowsPowerShell\v1.0\;C:\Program Files\Intel\Intel(R) Management Engine Components\DAL;C:\Program Files\Intel\Intel(R) Management Engine Components\IPT;C:\Program Files (x86)\Intel\Intel(R) Management Engine Components\DAL;C:\Program Files (x86)\Intel\Intel(R) Management Engine Components\IPT;D:\Program Files\Eclipse;
USERNAME=Yuchuan
OS=Windows_NT
PROCESSOR_IDENTIFIER=Intel64 Family 6 Model 60 Stepping 3, GenuineIntel



---------------  S Y S T E M  ---------------

OS: Windows 8.1 , 64 bit Build 9600 

CPU:total 8 (4 cores per cpu, 2 threads per core) family 6 model 60 stepping 3, cmov, cx8, fxsr, mmx, sse, sse2, sse3, ssse3, sse4.1, sse4.2, popcnt, avx, avx2, aes, clmul, erms, lzcnt, ht, tsc, tscinvbit, bmi1, bmi2

Memory: 4k page, physical 8102168k(3966632k free), swap 10068248k(4803732k free)

vm_info: Java HotSpot(TM) 64-Bit Server VM (25.25-b02) for windows-amd64 JRE (1.8.0_25-b18), built on Oct  7 2014 14:25:37 by "java_re" with MS VC++ 10.0 (VS2010)

time: Thu Jan 01 15:08:44 2015
elapsed time: 0 seconds (0d 0h 0m 0s)

